<?xml version="1.0" encoding="UTF-8"?>
<testsuite xmlns:xsi="http://www.w3.org/2001/XMLSchema-instance" xsi:noNamespaceSchemaLocation="https://maven.apache.org/surefire/maven-surefire-plugin/xsd/surefire-test-report.xsd" name="ir.ac.kntu.style.CheckStyleTest" time="1.314" tests="2" errors="0" skipped="0" failures="1">
  <properties>
[...]
</properties>
  <testcase name="testCheckStyleIndentation" classname="ir.ac.kntu.style.CheckStyleTest" time="1.069">
    <failure message="17 check style errors found. Starting audit...&#10;[ERROR] D:\Desktop\Pro\project1\src\main\java\ir\ac\kntu\Main.java:8:5: Method main length is 141 lines (max allowed is 45). [MethodLength]&#10;[ERROR] D:\Desktop\Pro\project1\src\main\java\ir\ac\kntu\Main.java:27:13: switch without &quot;default&quot; clause. [MissingSwitchDefault]&#10;[ERROR] D:\Desktop\Pro\project1\src\main\java\ir\ac\kntu\Main.java:171:18: Literal Strings should be compared using equals(), not &apos;!=&apos;. [StringLiteralEquality]&#10;[ERROR] D:\Desktop\Pro\project1\src\main\java\ir\ac\kntu\Main.java:171:39: Literal Strings should be compared using equals(), not &apos;!=&apos;. [StringLiteralEquality]&#10;[ERROR] D:\Desktop\Pro\project1\src\main\java\ir\ac\kntu\Main.java:182:18: Literal Strings should be compared using equals(), not &apos;!=&apos;. [StringLiteralEquality]&#10;[ERROR] D:\Desktop\Pro\project1\src\main\java\ir\ac\kntu\Main.java:182:40: Literal Strings should be compared using equals(), not &apos;!=&apos;. [StringLiteralEquality]&#10;[ERROR] D:\Desktop\Pro\project1\src\main\java\ir\ac\kntu\MyArray.java:7:5: &apos;VARIABLE_DEF&apos; should be separated from previous line. [EmptyLineSeparator]&#10;[ERROR] D:\Desktop\Pro\project1\src\main\java\ir\ac\kntu\MyArray.java:8:5: &apos;VARIABLE_DEF&apos; should be separated from previous line. [EmptyLineSeparator]&#10;[ERROR] D:\Desktop\Pro\project1\src\main\java\ir\ac\kntu\MyArray.java:9:5: &apos;VARIABLE_DEF&apos; should be separated from previous line. [EmptyLineSeparator]&#10;[ERROR] D:\Desktop\Pro\project1\src\main\java\ir\ac\kntu\MyArray.java:10:5: &apos;VARIABLE_DEF&apos; should be separated from previous line. [EmptyLineSeparator]&#10;[ERROR] D:\Desktop\Pro\project1\src\main\java\ir\ac\kntu\MyArray.java:46:50: Must have at least one statement. [EmptyBlock]&#10;[ERROR] D:\Desktop\Pro\project1\src\main\java\ir\ac\kntu\MyArray.java:55:5: &apos;VARIABLE_DEF&apos; should be separated from previous line. [EmptyLineSeparator]&#10;[ERROR] D:\Desktop\Pro\project1\src\main\java\ir\ac\kntu\MyArray.java:82:9: switch without &quot;default&quot; clause. [MissingSwitchDefault]&#10;[ERROR] D:\Desktop\Pro\project1\src\main\java\ir\ac\kntu\Patterns.java:5:5: &apos;VARIABLE_DEF&apos; should be separated from previous line. [EmptyLineSeparator]&#10;[ERROR] D:\Desktop\Pro\project1\src\main\java\ir\ac\kntu\Patterns.java:6:5: &apos;VARIABLE_DEF&apos; should be separated from previous line. [EmptyLineSeparator]&#10;[ERROR] D:\Desktop\Pro\project1\src\main\java\ir\ac\kntu\Patterns.java:7:5: &apos;VARIABLE_DEF&apos; should be separated from previous line. [EmptyLineSeparator]&#10;[ERROR] D:\Desktop\Pro\project1\src\main\java\ir\ac\kntu\Process.java:13:5: &apos;VARIABLE_DEF&apos; should be separated from previous line. [EmptyLineSeparator]&#10;Audit done.&#10;" type="java.lang.AssertionError">java.lang.AssertionError: 
17 check style errors found. Starting audit...
[ERROR] D:\Desktop\Pro\project1\src\main\java\ir\ac\kntu\Main.java:8:5: Method main length is 141 lines (max allowed is 45). [MethodLength]
[ERROR] D:\Desktop\Pro\project1\src\main\java\ir\ac\kntu\Main.java:27:13: switch without "default" clause. [MissingSwitchDefault]
[ERROR] D:\Desktop\Pro\project1\src\main\java\ir\ac\kntu\Main.java:171:18: Literal Strings should be compared using equals(), not '!='. [StringLiteralEquality]
[ERROR] D:\Desktop\Pro\project1\src\main\java\ir\ac\kntu\Main.java:171:39: Literal Strings should be compared using equals(), not '!='. [StringLiteralEquality]
[ERROR] D:\Desktop\Pro\project1\src\main\java\ir\ac\kntu\Main.java:182:18: Literal Strings should be compared using equals(), not '!='. [StringLiteralEquality]
[ERROR] D:\Desktop\Pro\project1\src\main\java\ir\ac\kntu\Main.java:182:40: Literal Strings should be compared using equals(), not '!='. [StringLiteralEquality]
[ERROR] D:\Desktop\Pro\project1\src\main\java\ir\ac\kntu\MyArray.java:7:5: 'VARIABLE_DEF' should be separated from previous line. [EmptyLineSeparator]
[ERROR] D:\Desktop\Pro\project1\src\main\java\ir\ac\kntu\MyArray.java:8:5: 'VARIABLE_DEF' should be separated from previous line. [EmptyLineSeparator]
[ERROR] D:\Desktop\Pro\project1\src\main\java\ir\ac\kntu\MyArray.java:9:5: 'VARIABLE_DEF' should be separated from previous line. [EmptyLineSeparator]
[ERROR] D:\Desktop\Pro\project1\src\main\java\ir\ac\kntu\MyArray.java:10:5: 'VARIABLE_DEF' should be separated from previous line. [EmptyLineSeparator]
[ERROR] D:\Desktop\Pro\project1\src\main\java\ir\ac\kntu\MyArray.java:46:50: Must have at least one statement. [EmptyBlock]
[ERROR] D:\Desktop\Pro\project1\src\main\java\ir\ac\kntu\MyArray.java:55:5: 'VARIABLE_DEF' should be separated from previous line. [EmptyLineSeparator]
[ERROR] D:\Desktop\Pro\project1\src\main\java\ir\ac\kntu\MyArray.java:82:9: switch without "default" clause. [MissingSwitchDefault]
[ERROR] D:\Desktop\Pro\project1\src\main\java\ir\ac\kntu\Patterns.java:5:5: 'VARIABLE_DEF' should be separated from previous line. [EmptyLineSeparator]
[ERROR] D:\Desktop\Pro\project1\src\main\java\ir\ac\kntu\Patterns.java:6:5: 'VARIABLE_DEF' should be separated from previous line. [EmptyLineSeparator]
[ERROR] D:\Desktop\Pro\project1\src\main\java\ir\ac\kntu\Patterns.java:7:5: 'VARIABLE_DEF' should be separated from previous line. [EmptyLineSeparator]
[ERROR] D:\Desktop\Pro\project1\src\main\java\ir\ac\kntu\Process.java:13:5: 'VARIABLE_DEF' should be separated from previous line. [EmptyLineSeparator]
Audit done.

	at ir.ac.kntu.style.CheckStyleTest.testCheckStyleIndentation(CheckStyleTest.java:104)
</failure>
    <system-out><![CDATA[Root is set to "D:\Desktop\Pro\project1\src\main".
Found 4 Java source files.
Found 17 check style errors.
Starting audit...
[ERROR] D:\Desktop\Pro\project1\src\main\java\ir\ac\kntu\Main.java:8:5: Method main length is 141 lines (max allowed is 45). [MethodLength]
[ERROR] D:\Desktop\Pro\project1\src\main\java\ir\ac\kntu\Main.java:27:13: switch without "default" clause. [MissingSwitchDefault]
[ERROR] D:\Desktop\Pro\project1\src\main\java\ir\ac\kntu\Main.java:171:18: Literal Strings should be compared using equals(), not '!='. [StringLiteralEquality]
[ERROR] D:\Desktop\Pro\project1\src\main\java\ir\ac\kntu\Main.java:171:39: Literal Strings should be compared using equals(), not '!='. [StringLiteralEquality]
[ERROR] D:\Desktop\Pro\project1\src\main\java\ir\ac\kntu\Main.java:182:18: Literal Strings should be compared using equals(), not '!='. [StringLiteralEquality]
[ERROR] D:\Desktop\Pro\project1\src\main\java\ir\ac\kntu\Main.java:182:40: Literal Strings should be compared using equals(), not '!='. [StringLiteralEquality]
[ERROR] D:\Desktop\Pro\project1\src\main\java\ir\ac\kntu\MyArray.java:7:5: 'VARIABLE_DEF' should be separated from previous line. [EmptyLineSeparator]
[ERROR] D:\Desktop\Pro\project1\src\main\java\ir\ac\kntu\MyArray.java:8:5: 'VARIABLE_DEF' should be separated from previous line. [EmptyLineSeparator]
[ERROR] D:\Desktop\Pro\project1\src\main\java\ir\ac\kntu\MyArray.java:9:5: 'VARIABLE_DEF' should be separated from previous line. [EmptyLineSeparator]
[ERROR] D:\Desktop\Pro\project1\src\main\java\ir\ac\kntu\MyArray.java:10:5: 'VARIABLE_DEF' should be separated from previous line. [EmptyLineSeparator]
[ERROR] D:\Desktop\Pro\project1\src\main\java\ir\ac\kntu\MyArray.java:46:50: Must have at least one statement. [EmptyBlock]
[ERROR] D:\Desktop\Pro\project1\src\main\java\ir\ac\kntu\MyArray.java:55:5: 'VARIABLE_DEF' should be separated from previous line. [EmptyLineSeparator]
[ERROR] D:\Desktop\Pro\project1\src\main\java\ir\ac\kntu\MyArray.java:82:9: switch without "default" clause. [MissingSwitchDefault]
[ERROR] D:\Desktop\Pro\project1\src\main\java\ir\ac\kntu\Patterns.java:5:5: 'VARIABLE_DEF' should be separated from previous line. [EmptyLineSeparator]
[ERROR] D:\Desktop\Pro\project1\src\main\java\ir\ac\kntu\Patterns.java:6:5: 'VARIABLE_DEF' should be separated from previous line. [EmptyLineSeparator]
[ERROR] D:\Desktop\Pro\project1\src\main\java\ir\ac\kntu\Patterns.java:7:5: 'VARIABLE_DEF' should be separated from previous line. [EmptyLineSeparator]
[ERROR] D:\Desktop\Pro\project1\src\main\java\ir\ac\kntu\Process.java:13:5: 'VARIABLE_DEF' should be separated from previous line. [EmptyLineSeparator]
Audit done.

]]></system-out>
  </testcase>
  <testcase name="testCheckStyleNaming" classname="ir.ac.kntu.style.CheckStyleTest" time="0.245"/>
</testsuite>